new call- 
 IP: 1.1.1.2 
 compname:tsahi
 date:2018-12-03 
i am datanew call- 
 IP: 1.1.1.2 
 compname:tsahi
 date:2018-12-03 
i am data#################### 
new call- 
 
 date:2018-12-03T12:20:41.475Z 
 IP: 1.1.1.2 
 compname:tsahi 
 DATA:
i am data
####################
#################### 
new call- 
 
 date:2018-12-03T12:20:41.521Z 
 IP: 1.1.1.2 
 compname:tsahi 
 DATA:
i am data
####################
#################### 
new call- 
 
 date:2018-12-03T12:22:38.926Z 
 IP: 1.1.1.2 
 compname:tsahi 
 DATA:
i am data
####################
#################### 
new call- 
 
 date:2018-12-03T12:23:02.942Z 
 IP: 1.1.1.2 
 compname:tsahi 
 DATA:
i am data
####################
#################### 
new call- 
 
 date:2018-12-03T12:23:02.976Z 
 IP: 1.1.1.2 
 compname:tsahi 
 DATA:
i am data
####################
#################### 
new call- 
 
 date:2018-12-03T15:11:48.349Z 
 IP: undefined 
 compname:undefined 
 DATA:
DANA
####################
#################### 
new call- 
 
 date:2018-12-03T15:15:20.499Z 
 IP: undefined 
 compname:undefined 
 DATA:
dana
####################
#################### 
new call- 
 
 date:2018-12-03T15:16:18.611Z 
 IP: 1.1.1.2 
 compname:barak 
 DATA:
dana 222
####################
